ERROR - 2023-07-27 01:31:20 --> mysqli_sql_exception: Duplicate entry '0' for key 'PRIMARY' in C:\xampp\htdocs\2023proyectos\ci4_ciudadanos_repaso\system\Database\MySQLi\Connection.php:295
Stack trace:
#0 C:\xampp\htdocs\2023proyectos\ci4_ciudadanos_repaso\system\Database\MySQLi\Connection.php(295): mysqli->query('INSERT INTO `ni...', 0)
#1 C:\xampp\htdocs\2023proyectos\ci4_ciudadanos_repaso\system\Database\BaseConnection.php(692): CodeIgniter\Database\MySQLi\Connection->execute('INSERT INTO `ni...')
#2 C:\xampp\htdocs\2023proyectos\ci4_ciudadanos_repaso\system\Database\BaseConnection.php(606): CodeIgniter\Database\BaseConnection->simpleQuery('INSERT INTO `ni...')
#3 C:\xampp\htdocs\2023proyectos\ci4_ciudadanos_repaso\system\Database\BaseBuilder.php(2309): CodeIgniter\Database\BaseConnection->query('INSERT INTO `ni...', Array, false)
#4 C:\xampp\htdocs\2023proyectos\ci4_ciudadanos_repaso\system\Model.php(330): CodeIgniter\Database\BaseBuilder->insert()
#5 C:\xampp\htdocs\2023proyectos\ci4_ciudadanos_repaso\system\BaseModel.php(782): CodeIgniter\Model->doInsert(Array)
#6 C:\xampp\htdocs\2023proyectos\ci4_ciudadanos_repaso\system\Model.php(730): CodeIgniter\BaseModel->insert(Array, true)
#7 C:\xampp\htdocs\2023proyectos\ci4_ciudadanos_repaso\app\Controllers\ControllerNivelesAcademicos.php(34): CodeIgniter\Model->insert(Array)
#8 C:\xampp\htdocs\2023proyectos\ci4_ciudadanos_repaso\system\CodeIgniter.php(932): App\Controllers\ControllerNivelesAcademicos->guardarNivelAcademico()
#9 C:\xampp\htdocs\2023proyectos\ci4_ciudadanos_repaso\system\CodeIgniter.php(497): CodeIgniter\CodeIgniter->runController(Object(App\Controllers\ControllerNivelesAcademicos))
#10 C:\xampp\htdocs\2023proyectos\ci4_ciudadanos_repaso\system\CodeIgniter.php(366): CodeIgniter\CodeIgniter->handleRequest(NULL, Object(Config\Cache), false)
#11 C:\xampp\htdocs\2023proyectos\ci4_ciudadanos_repaso\public\index.php(67): CodeIgniter\CodeIgniter->run()
#12 {main}
CRITICAL - 2023-07-27 01:31:20 --> Duplicate entry '0' for key 'PRIMARY'
in SYSTEMPATH\Database\MySQLi\Connection.php on line 295.
 1 SYSTEMPATH\Database\MySQLi\Connection.php(295): mysqli->query('INSERT INTO `nivelesacademicos` (`cod_nivel_acad`, `nombre`, `descripcion`) VALUES (\'0\', \'1\', \'1\')', 0)
 2 SYSTEMPATH\Database\BaseConnection.php(692): CodeIgniter\Database\MySQLi\Connection->execute('INSERT INTO `nivelesacademicos` (`cod_nivel_acad`, `nombre`, `descripcion`) VALUES (\'0\', \'1\', \'1\')')
 3 SYSTEMPATH\Database\BaseConnection.php(606): CodeIgniter\Database\BaseConnection->simpleQuery('INSERT INTO `nivelesacademicos` (`cod_nivel_acad`, `nombre`, `descripcion`) VALUES (\'0\', \'1\', \'1\')')
 4 SYSTEMPATH\Database\BaseBuilder.php(2309): CodeIgniter\Database\BaseConnection->query('INSERT INTO `nivelesacademicos` (`cod_nivel_acad`, `nombre`, `descripcion`) VALUES (:cod_nivel_acad:, :nombre:, :descripcion:)', [...], false)
 5 SYSTEMPATH\Model.php(330): CodeIgniter\Database\BaseBuilder->insert()
 6 SYSTEMPATH\BaseModel.php(782): CodeIgniter\Model->doInsert([...])
 7 SYSTEMPATH\Model.php(730): CodeIgniter\BaseModel->insert([...], true)
 8 APPPATH\Controllers\ControllerNivelesAcademicos.php(34): CodeIgniter\Model->insert([...])
 9 SYSTEMPATH\CodeIgniter.php(932): App\Controllers\ControllerNivelesAcademicos->guardarNivelAcademico()
10 SYSTEMPATH\CodeIgniter.php(497): CodeIgniter\CodeIgniter->runController(Object(App\Controllers\ControllerNivelesAcademicos))
11 SYSTEMPATH\CodeIgniter.php(366): CodeIgniter\CodeIgniter->handleRequest(null, Object(Config\Cache), false)
12 FCPATH\index.php(67): CodeIgniter\CodeIgniter->run()
ERROR - 2023-07-27 02:11:35 --> mysqli_sql_exception: Duplicate entry '30' for key 'PRIMARY' in C:\xampp\htdocs\2023proyectos\ci4_ciudadanos_repaso\system\Database\MySQLi\Connection.php:295
Stack trace:
#0 C:\xampp\htdocs\2023proyectos\ci4_ciudadanos_repaso\system\Database\MySQLi\Connection.php(295): mysqli->query('INSERT INTO `de...', 0)
#1 C:\xampp\htdocs\2023proyectos\ci4_ciudadanos_repaso\system\Database\BaseConnection.php(692): CodeIgniter\Database\MySQLi\Connection->execute('INSERT INTO `de...')
#2 C:\xampp\htdocs\2023proyectos\ci4_ciudadanos_repaso\system\Database\BaseConnection.php(606): CodeIgniter\Database\BaseConnection->simpleQuery('INSERT INTO `de...')
#3 C:\xampp\htdocs\2023proyectos\ci4_ciudadanos_repaso\system\Database\BaseBuilder.php(2309): CodeIgniter\Database\BaseConnection->query('INSERT INTO `de...', Array, false)
#4 C:\xampp\htdocs\2023proyectos\ci4_ciudadanos_repaso\system\Model.php(330): CodeIgniter\Database\BaseBuilder->insert()
#5 C:\xampp\htdocs\2023proyectos\ci4_ciudadanos_repaso\system\BaseModel.php(782): CodeIgniter\Model->doInsert(Array)
#6 C:\xampp\htdocs\2023proyectos\ci4_ciudadanos_repaso\system\Model.php(730): CodeIgniter\BaseModel->insert(Array, true)
#7 C:\xampp\htdocs\2023proyectos\ci4_ciudadanos_repaso\app\Controllers\ControllerDepartamentos.php(34): CodeIgniter\Model->insert(Array)
#8 C:\xampp\htdocs\2023proyectos\ci4_ciudadanos_repaso\system\CodeIgniter.php(932): App\Controllers\ControllerDepartamentos->guardarDepto()
#9 C:\xampp\htdocs\2023proyectos\ci4_ciudadanos_repaso\system\CodeIgniter.php(497): CodeIgniter\CodeIgniter->runController(Object(App\Controllers\ControllerDepartamentos))
#10 C:\xampp\htdocs\2023proyectos\ci4_ciudadanos_repaso\system\CodeIgniter.php(366): CodeIgniter\CodeIgniter->handleRequest(NULL, Object(Config\Cache), false)
#11 C:\xampp\htdocs\2023proyectos\ci4_ciudadanos_repaso\public\index.php(67): CodeIgniter\CodeIgniter->run()
#12 {main}
CRITICAL - 2023-07-27 02:11:35 --> Duplicate entry '30' for key 'PRIMARY'
in SYSTEMPATH\Database\MySQLi\Connection.php on line 295.
 1 SYSTEMPATH\Database\MySQLi\Connection.php(295): mysqli->query('INSERT INTO `departamentos` (`cod_depto`, `nombre_depto`, `cod_region`) VALUES (\'30\', \'1111\', \'1\')', 0)
 2 SYSTEMPATH\Database\BaseConnection.php(692): CodeIgniter\Database\MySQLi\Connection->execute('INSERT INTO `departamentos` (`cod_depto`, `nombre_depto`, `cod_region`) VALUES (\'30\', \'1111\', \'1\')')
 3 SYSTEMPATH\Database\BaseConnection.php(606): CodeIgniter\Database\BaseConnection->simpleQuery('INSERT INTO `departamentos` (`cod_depto`, `nombre_depto`, `cod_region`) VALUES (\'30\', \'1111\', \'1\')')
 4 SYSTEMPATH\Database\BaseBuilder.php(2309): CodeIgniter\Database\BaseConnection->query('INSERT INTO `departamentos` (`cod_depto`, `nombre_depto`, `cod_region`) VALUES (:cod_depto:, :nombre_depto:, :cod_region:)', [...], false)
 5 SYSTEMPATH\Model.php(330): CodeIgniter\Database\BaseBuilder->insert()
 6 SYSTEMPATH\BaseModel.php(782): CodeIgniter\Model->doInsert([...])
 7 SYSTEMPATH\Model.php(730): CodeIgniter\BaseModel->insert([...], true)
 8 APPPATH\Controllers\ControllerDepartamentos.php(34): CodeIgniter\Model->insert([...])
 9 SYSTEMPATH\CodeIgniter.php(932): App\Controllers\ControllerDepartamentos->guardarDepto()
10 SYSTEMPATH\CodeIgniter.php(497): CodeIgniter\CodeIgniter->runController(Object(App\Controllers\ControllerDepartamentos))
11 SYSTEMPATH\CodeIgniter.php(366): CodeIgniter\CodeIgniter->handleRequest(null, Object(Config\Cache), false)
12 FCPATH\index.php(67): CodeIgniter\CodeIgniter->run()
ERROR - 2023-07-27 02:21:38 --> mysqli_sql_exception: Duplicate entry '1' for key 'PRIMARY' in C:\xampp\htdocs\2023proyectos\ci4_ciudadanos_repaso\system\Database\MySQLi\Connection.php:295
Stack trace:
#0 C:\xampp\htdocs\2023proyectos\ci4_ciudadanos_repaso\system\Database\MySQLi\Connection.php(295): mysqli->query('INSERT INTO `de...', 0)
#1 C:\xampp\htdocs\2023proyectos\ci4_ciudadanos_repaso\system\Database\BaseConnection.php(692): CodeIgniter\Database\MySQLi\Connection->execute('INSERT INTO `de...')
#2 C:\xampp\htdocs\2023proyectos\ci4_ciudadanos_repaso\system\Database\BaseConnection.php(606): CodeIgniter\Database\BaseConnection->simpleQuery('INSERT INTO `de...')
#3 C:\xampp\htdocs\2023proyectos\ci4_ciudadanos_repaso\system\Database\BaseBuilder.php(2309): CodeIgniter\Database\BaseConnection->query('INSERT INTO `de...', Array, false)
#4 C:\xampp\htdocs\2023proyectos\ci4_ciudadanos_repaso\system\Model.php(330): CodeIgniter\Database\BaseBuilder->insert()
#5 C:\xampp\htdocs\2023proyectos\ci4_ciudadanos_repaso\system\BaseModel.php(782): CodeIgniter\Model->doInsert(Array)
#6 C:\xampp\htdocs\2023proyectos\ci4_ciudadanos_repaso\system\Model.php(730): CodeIgniter\BaseModel->insert(Array, true)
#7 C:\xampp\htdocs\2023proyectos\ci4_ciudadanos_repaso\app\Controllers\ControllerDepartamentos.php(34): CodeIgniter\Model->insert(Array)
#8 C:\xampp\htdocs\2023proyectos\ci4_ciudadanos_repaso\system\CodeIgniter.php(932): App\Controllers\ControllerDepartamentos->guardarDepto()
#9 C:\xampp\htdocs\2023proyectos\ci4_ciudadanos_repaso\system\CodeIgniter.php(497): CodeIgniter\CodeIgniter->runController(Object(App\Controllers\ControllerDepartamentos))
#10 C:\xampp\htdocs\2023proyectos\ci4_ciudadanos_repaso\system\CodeIgniter.php(366): CodeIgniter\CodeIgniter->handleRequest(NULL, Object(Config\Cache), false)
#11 C:\xampp\htdocs\2023proyectos\ci4_ciudadanos_repaso\public\index.php(67): CodeIgniter\CodeIgniter->run()
#12 {main}
CRITICAL - 2023-07-27 02:21:38 --> Duplicate entry '1' for key 'PRIMARY'
in SYSTEMPATH\Database\MySQLi\Connection.php on line 295.
 1 SYSTEMPATH\Database\MySQLi\Connection.php(295): mysqli->query('INSERT INTO `departamentos` (`cod_depto`, `nombre_depto`, `cod_region`) VALUES (\'1\', \'prueba\', \'1\')', 0)
 2 SYSTEMPATH\Database\BaseConnection.php(692): CodeIgniter\Database\MySQLi\Connection->execute('INSERT INTO `departamentos` (`cod_depto`, `nombre_depto`, `cod_region`) VALUES (\'1\', \'prueba\', \'1\')')
 3 SYSTEMPATH\Database\BaseConnection.php(606): CodeIgniter\Database\BaseConnection->simpleQuery('INSERT INTO `departamentos` (`cod_depto`, `nombre_depto`, `cod_region`) VALUES (\'1\', \'prueba\', \'1\')')
 4 SYSTEMPATH\Database\BaseBuilder.php(2309): CodeIgniter\Database\BaseConnection->query('INSERT INTO `departamentos` (`cod_depto`, `nombre_depto`, `cod_region`) VALUES (:cod_depto:, :nombre_depto:, :cod_region:)', [...], false)
 5 SYSTEMPATH\Model.php(330): CodeIgniter\Database\BaseBuilder->insert()
 6 SYSTEMPATH\BaseModel.php(782): CodeIgniter\Model->doInsert([...])
 7 SYSTEMPATH\Model.php(730): CodeIgniter\BaseModel->insert([...], true)
 8 APPPATH\Controllers\ControllerDepartamentos.php(34): CodeIgniter\Model->insert([...])
 9 SYSTEMPATH\CodeIgniter.php(932): App\Controllers\ControllerDepartamentos->guardarDepto()
10 SYSTEMPATH\CodeIgniter.php(497): CodeIgniter\CodeIgniter->runController(Object(App\Controllers\ControllerDepartamentos))
11 SYSTEMPATH\CodeIgniter.php(366): CodeIgniter\CodeIgniter->handleRequest(null, Object(Config\Cache), false)
12 FCPATH\index.php(67): CodeIgniter\CodeIgniter->run()
CRITICAL - 2023-07-27 02:33:31 --> Undefined variable $resultado
in APPPATH\Views\vista_departamentos.php on line 69.
 1 APPPATH\Views\vista_departamentos.php(69): CodeIgniter\Debug\Exceptions->errorHandler(2, 'Undefined variable $resultado', 'C:\\xampp\\htdocs\\2023proyectos\\ci4_ciudadanos_repaso\\app\\Views\\vista_departamentos.php', 69)
 2 SYSTEMPATH\View\View.php(224): include('C:\\xampp\\htdocs\\2023proyectos\\ci4_ciudadanos_repaso\\app\\Views\\vista_departamentos.php')
 3 SYSTEMPATH\View\View.php(227): CodeIgniter\View\View->CodeIgniter\View\{closure}()
 4 SYSTEMPATH\Common.php(1180): CodeIgniter\View\View->render('vista_departamentos', [], true)
 5 APPPATH\Controllers\ControllerDepartamentos.php(28): view('vista_departamentos', [...])
 6 SYSTEMPATH\CodeIgniter.php(932): App\Controllers\ControllerDepartamentos->cargarDepartamentos()
 7 SYSTEMPATH\CodeIgniter.php(497): CodeIgniter\CodeIgniter->runController(Object(App\Controllers\ControllerDepartamentos))
 8 SYSTEMPATH\CodeIgniter.php(366): CodeIgniter\CodeIgniter->handleRequest(null, Object(Config\Cache), false)
 9 FCPATH\index.php(67): CodeIgniter\CodeIgniter->run()
